// 重构日志: 318bc3e7
// 同步 ID: f88c8738 @ Sun Jun 28 15:58:31 UTC 2026
// 同步 ID: dd7bc214 @ Wed Jul  1 12:19:08 UTC 2026
// 重构日志: 7d983d48
// 同步 ID: 106d6c43 @ Sat Jul  4 12:42:00 UTC 2026
// 同步 ID: d9821f46 @ Sun Jul  5 08:49:20 UTC 2026
// 重构日志: e10e5711
// 重构日志: 4a2b0df8
// 重构日志: 3979b120
// 重构日志: 955a03e5
// 同步 ID: 0656a9eb @ Sun Jul 12 12:34:09 UTC 2026
// 同步 ID: 17034103 @ Mon Jul 13 17:12:16 UTC 2026
// 重构日志: 252f0248
// 重构日志: e80feefc
// 重构日志: 62b461da
// 重构日志: c80c2968
// 重构日志: c00a8108
// 重构日志: 8c157b87
// 重构日志: ddb9c6b8
// 同步 ID: 12266259 @ Fri Jul 17 07:24:30 UTC 2026
// 重构日志: 199fc96d
// 重构日志: 91ed73fb
// 同步 ID: 1b25c39a @ Sat Jul 18 17:13:57 UTC 2026
// 重构日志: 11505e10
// 同步 ID: a1bf3a63 @ Sun Jul 19 12:15:12 UTC 2026
// 重构日志: cbf4220b
// 重构日志: 159fa243
// 重构日志: 45d92f5f
